Initializing eigensolver data
Computing 8 bands with 1e-07 tolerance
Working in 3 dimensions.
Grid size is 100 x 100 x 2.
Solving for 8 bands at a time.
Creating Maxwell data...
Mesh size is 3.
Lattice vectors:
     (5, 0, 0)
     (0, 5, 0)
     (0, 0, 0.1)
Cell volume = 2.5
Reciprocal lattice vectors (/ 2 pi):
     (0.2, -0, 0)
     (-0, 0.2, -0)
     (0, -0, 10)
Geometric objects:
     cylinder, center = (0,0,0)
          radius 0.2, height 0.1, axis (0, 0, 1)
Geometric object tree has depth 1 and 3 object nodes (vs. 1 actual objects)
Initializing epsilon function...
Allocating fields...
Solving for band polarization: zodd.
Initializing fields to random numbers...
16 k-points
  Vector3<0.0, 0.0, 0.0>
  Vector3<0.0, 0.1, 0.0>
  Vector3<0.0, 0.2, 0.0>
  Vector3<0.0, 0.3, 0.0>
  Vector3<0.0, 0.4, 0.0>
  Vector3<0.0, 0.5, 0.0>
  Vector3<-0.2, 0.4, 0.0>
  Vector3<-0.4, 0.3, 0.0>
  Vector3<-0.6, 0.2, 0.0>
  Vector3<-0.8, 0.1, 0.0>
  Vector3<-1.0, 0.0, 0.0>
  Vector3<-0.8, 0.0, 0.0>
  Vector3<-0.6, 0.0, 0.0>
  Vector3<-0.4, 0.0, 0.0>
  Vector3<-0.2, 0.0, 0.0>
  Vector3<0.0, 0.0, 0.0>
elapsed time for initialization: 0.0158929824829
solve_kpoint (0,0,0):
zoddfreqs:, k index, k1, k2, k3, kmag/2pi, zodd band 1, zodd band 2, zodd band 3, zodd band 4, zodd band 5, zodd band 6, zodd band 7, zodd band 8
Solving for bands 2 to 8...
Finished solving for bands 2 to 8 after 23 iterations.
zoddfreqs:, 1, 0, 0, 0, 0, 0, 0.171479, 0.199807, 0.199807, 0.199999, 0.251707, 0.28222, 0.28222
elapsed time for k point: 1.65767192841
solve_kpoint (0,0.1,0):
Solving for bands 1 to 8...
Finished solving for bands 1 to 8 after 13 iterations.
zoddfreqs:, 2, 0, 0.1, 0, 0.02, 0.0194738, 0.1665, 0.189412, 0.200803, 0.215159, 0.249342, 0.26878, 0.285066
elapsed time for k point: 1.19004106522
solve_kpoint (0,0.2,0):
Solving for bands 1 to 8...
Finished solving for bands 1 to 8 after 8 iterations.
zoddfreqs:, 3, 0, 0.2, 0, 0.04, 0.0389248, 0.152448, 0.187313, 0.203763, 0.228236, 0.246863, 0.255855, 0.291045
elapsed time for k point: 0.748019218445
solve_kpoint (0,0.3,0):
Solving for bands 1 to 8...
Finished solving for bands 1 to 8 after 9 iterations.
zoddfreqs:, 4, 0, 0.3, 0, 0.06, 0.0583204, 0.134866, 0.188911, 0.208601, 0.229372, 0.243881, 0.255435, 0.29665
elapsed time for k point: 0.839354991913
solve_kpoint (0,0.4,0):
Solving for bands 1 to 8...
Finished solving for bands 1 to 8 after 10 iterations.
zoddfreqs:, 5, 0, 0.4, 0, 0.08, 0.0775765, 0.116328, 0.191197, 0.215192, 0.225376, 0.233005, 0.268412, 0.299417
elapsed time for k point: 0.923035144806
solve_kpoint (0,0.5,0):
Solving for bands 1 to 8...
Finished solving for bands 1 to 8 after 10 iterations.
zoddfreqs:, 6, 0, 0.5, 0, 0.1, 0.0941268, 0.0999778, 0.192289, 0.223163, 0.223495, 0.223606, 0.275065, 0.299219
elapsed time for k point: 0.920798063278
solve_kpoint (-0.2,0.4,0):
Solving for bands 1 to 8...
Finished solving for bands 1 to 8 after 13 iterations.
zoddfreqs:, 7, -0.2, 0.4, 0, 0.0894427, 0.0866032, 0.122448, 0.170762, 0.193802, 0.234535, 0.260414, 0.27615, 0.300399
elapsed time for k point: 1.18488001823
solve_kpoint (-0.4,0.3,0):
Solving for bands 1 to 8...
Finished solving for bands 1 to 8 after 16 iterations.
zoddfreqs:, 8, -0.4, 0.3, 0, 0.1, 0.0965956, 0.129452, 0.155892, 0.179295, 0.240685, 0.276474, 0.285946, 0.301428
elapsed time for k point: 1.4452419281
solve_kpoint (-0.6,0.2,0):
Solving for bands 1 to 8...
Finished solving for bands 1 to 8 after 16 iterations.
zoddfreqs:, 9, -0.6, 0.2, 0, 0.126491, 0.0866032, 0.122448, 0.170762, 0.193802, 0.234535, 0.260414, 0.27615, 0.300399
elapsed time for k point: 1.44606208801
solve_kpoint (-0.8,0.1,0):
Solving for bands 1 to 8...
Finished solving for bands 1 to 8 after 12 iterations.
zoddfreqs:, 10, -0.8, 0.1, 0, 0.161245, 0.0435102, 0.153129, 0.177532, 0.209584, 0.230836, 0.240524, 0.263632, 0.288945
elapsed time for k point: 1.09791493416
solve_kpoint (-1,0,0):
Solving for bands 1 to 8...
Finished solving for bands 1 to 8 after 19 iterations.
zoddfreqs:, 11, -1, 0, 0, 0.2, 3.09573e-05, 0.171479, 0.199807, 0.199807, 0.199999, 0.251707, 0.28222, 0.28222
elapsed time for k point: 1.707695961
solve_kpoint (-0.8,0,0):
Solving for bands 1 to 8...
Finished solving for bands 1 to 8 after 11 iterations.
zoddfreqs:, 12, -0.8, 0, 0, 0.16, 0.0389248, 0.152448, 0.187313, 0.203763, 0.228236, 0.246863, 0.255855, 0.291045
elapsed time for k point: 1.00883102417
solve_kpoint (-0.6,0,0):
Solving for bands 1 to 8...
Finished solving for bands 1 to 8 after 11 iterations.
zoddfreqs:, 13, -0.6, 0, 0, 0.12, 0.0775765, 0.116328, 0.191197, 0.215192, 0.225376, 0.233005, 0.268412, 0.299417
elapsed time for k point: 1.0298140049
solve_kpoint (-0.4,0,0):
Solving for bands 1 to 8...
Finished solving for bands 1 to 8 after 13 iterations.
zoddfreqs:, 14, -0.4, 0, 0, 0.08, 0.0775765, 0.116328, 0.191197, 0.215192, 0.225376, 0.233005, 0.268412, 0.299417
elapsed time for k point: 1.23019504547
solve_kpoint (-0.2,0,0):
Solving for bands 1 to 8...
Finished solving for bands 1 to 8 after 9 iterations.
zoddfreqs:, 15, -0.2, 0, 0, 0.04, 0.0389248, 0.152448, 0.187313, 0.203763, 0.228236, 0.246863, 0.255855, 0.291045
elapsed time for k point: 0.863075971603
solve_kpoint (0,0,0):
Solving for bands 2 to 8...
Finished solving for bands 2 to 8 after 18 iterations.
zoddfreqs:, 16, 0, 0, 0, 0, 0, 0.171479, 0.199807, 0.199807, 0.199999, 0.251707, 0.28222, 0.28222
elapsed time for k point: 1.31482696533
Band 1 range: 0.0 at Vector3<0.0, 0.0, 0.0> to 0.0965955532417 at Vector3<-0.4, 0.3, 0.0>
Band 2 range: 0.0999778330659 at Vector3<0.0, 0.5, 0.0> to 0.171479495333 at Vector3<-1.0, 0.0, 0.0>
Band 3 range: 0.155891965706 at Vector3<-0.4, 0.3, 0.0> to 0.19980683468 at Vector3<0.0, 0.0, 0.0>
Band 4 range: 0.179295093605 at Vector3<-0.4, 0.3, 0.0> to 0.223162819416 at Vector3<0.0, 0.5, 0.0>
Band 5 range: 0.199999005416 at Vector3<0.0, 0.0, 0.0> to 0.240685308944 at Vector3<-0.4, 0.3, 0.0>
Band 6 range: 0.223605728092 at Vector3<0.0, 0.5, 0.0> to 0.276474252244 at Vector3<-0.4, 0.3, 0.0>
Band 7 range: 0.255435455048 at Vector3<0.0, 0.3, 0.0> to 0.285946155932 at Vector3<-0.4, 0.3, 0.0>
Band 8 range: 0.282220205018 at Vector3<0.0, 0.0, 0.0> to 0.301428226803 at Vector3<-0.4, 0.3, 0.0>
Gap from band 1 (0.0965955532417) to band 2 (0.0999778330659), 3.44123880416%
total elapsed time for run: 18.6247000694
done
epsilon: 1-12, mean 1.05447, harm. mean 1.0055, 0.65% > 1, 0.4952% "fill"
Outputting PIT-epsilon.h5...

Elapsed run time = 19.0012 s
